0 info it worked if it ends with ok
1 verbose cli [ '/usr/local/bin/node', '/usr/local/bin/npm', 'run', 'admin' ]
2 info using npm@3.6.0
3 info using node@v5.6.0
4 verbose run-script [ 'preadmin', 'admin', 'postadmin' ]
5 info lifecycle xboxdash_admin@1.0.0~preadmin: xboxdash_admin@1.0.0
6 silly lifecycle xboxdash_admin@1.0.0~preadmin: no script for preadmin, continuing
7 info lifecycle xboxdash_admin@1.0.0~admin: xboxdash_admin@1.0.0
8 verbose lifecycle xboxdash_admin@1.0.0~admin: unsafe-perm in lifecycle true
9 verbose lifecycle xboxdash_admin@1.0.0~admin: PATH: /usr/local/lib/node_modules/npm/bin/node-gyp-bin:/Users/DP/Development/xboxdash_admin/node_modules/.bin:/usr/local/bin:/usr/bin:/bin:/usr/sbin:/sbin:/opt/X11/bin:/opt/metasploit-framework/bin:/opt/metasploit-framework/bin:/opt/metasploit-framework/bin
10 verbose lifecycle xboxdash_admin@1.0.0~admin: CWD: /Users/DP/Development/xboxdash_admin
11 silly lifecycle xboxdash_admin@1.0.0~admin: Args: [ '-c',
11 silly lifecycle   'export MONGO_URL=mongodb://127.0.0.1:3001/meteor meteor run --port 9999' ]
12 silly lifecycle xboxdash_admin@1.0.0~admin: Returned: code: 1  signal: null
13 info lifecycle xboxdash_admin@1.0.0~admin: Failed to exec admin script
14 verbose stack Error: xboxdash_admin@1.0.0 admin: `export MONGO_URL=mongodb://127.0.0.1:3001/meteor meteor run --port 9999`
14 verbose stack Exit status 1
14 verbose stack     at EventEmitter.<anonymous> (/usr/local/lib/node_modules/npm/lib/utils/lifecycle.js:232:16)
14 verbose stack     at emitTwo (events.js:100:13)
14 verbose stack     at EventEmitter.emit (events.js:185:7)
14 verbose stack     at ChildProcess.<anonymous> (/usr/local/lib/node_modules/npm/lib/utils/spawn.js:24:14)
14 verbose stack     at emitTwo (events.js:100:13)
14 verbose stack     at ChildProcess.emit (events.js:185:7)
14 verbose stack     at maybeClose (internal/child_process.js:827:16)
14 verbose stack     at Process.ChildProcess._handle.onexit (internal/child_process.js:211:5)
15 verbose pkgid xboxdash_admin@1.0.0
16 verbose cwd /Users/DP/Development/xboxdash_admin
17 error Darwin 15.4.0
18 error argv "/usr/local/bin/node" "/usr/local/bin/npm" "run" "admin"
19 error node v5.6.0
20 error npm  v3.6.0
21 error code ELIFECYCLE
22 error xboxdash_admin@1.0.0 admin: `export MONGO_URL=mongodb://127.0.0.1:3001/meteor meteor run --port 9999`
22 error Exit status 1
23 error Failed at the xboxdash_admin@1.0.0 admin script 'export MONGO_URL=mongodb://127.0.0.1:3001/meteor meteor run --port 9999'.
23 error Make sure you have the latest version of node.js and npm installed.
23 error If you do, this is most likely a problem with the xboxdash_admin package,
23 error not with npm itself.
23 error Tell the author that this fails on your system:
23 error     export MONGO_URL=mongodb://127.0.0.1:3001/meteor meteor run --port 9999
23 error You can get information on how to open an issue for this project with:
23 error     npm bugs xboxdash_admin
23 error Or if that isn't available, you can get their info via:
23 error     npm owner ls xboxdash_admin
23 error There is likely additional logging output above.
24 verbose exit [ 1, true ]
